{"D:\\study\\test_react_01_08\\src\\App.tsx": {"path":"D:\\study\\test_react_01_08\\src\\App.tsx","statementMap":{"0":{"start":{"line":5,"column":18},"end":{"line":5,"column":35}},"1":{"start":{"line":6,"column":2},"end":{"line":6,"column":24}}},"fnMap":{"0":{"name":"App","decl":{"start":{"line":4,"column":9},"end":{"line":4,"column":12}},"loc":{"start":{"line":4,"column":15},"end":{"line":7,"column":1}},"line":4}},"branchMap":{},"s":{"0":0,"1":0},"f":{"0":0},"b":{}}
,"D:\\study\\test_react_01_08\\src\\main.tsx": {"path":"D:\\study\\test_react_01_08\\src\\main.tsx","statementMap":{"0":{"start":{"line":8,"column":15},"end":{"line":8,"column":32}},"1":{"start":{"line":10,"column":0},"end":{"line":20,"column":2}}},"fnMap":{},"branchMap":{},"s":{"0":0,"1":0},"f":{},"b":{}}
,"D:\\study\\test_react_01_08\\src\\vite-env.d.ts": {"path":"D:\\study\\test_react_01_08\\src\\vite-env.d.ts","statementMap":{},"fnMap":{},"branchMap":{},"s":{},"f":{},"b":{}}
,"D:\\study\\test_react_01_08\\src\\constants\\routes.ts": {"path":"D:\\study\\test_react_01_08\\src\\constants\\routes.ts","statementMap":{"0":{"start":{"line":1,"column":22},"end":{"line":3,"column":1}}},"fnMap":{},"branchMap":{},"s":{"0":0},"f":{},"b":{}}
,"D:\\study\\test_react_01_08\\src\\features\\ContactForm\\ContactForm.tsx": {"path":"D:\\study\\test_react_01_08\\src\\features\\ContactForm\\ContactForm.tsx","statementMap":{"0":{"start":{"line":9,"column":27},"end":{"line":143,"column":1}},"1":{"start":{"line":10,"column":17},"end":{"line":10,"column":33}},"2":{"start":{"line":12,"column":29},"end":{"line":17,"column":4}},"3":{"start":{"line":15,"column":6},"end":{"line":15,"column":59}},"4":{"start":{"line":19,"column":15},"end":{"line":29,"column":4}},"5":{"start":{"line":26,"column":19},"end":{"line":26,"column":43}},"6":{"start":{"line":27,"column":6},"end":{"line":27,"column":19}},"7":{"start":{"line":30,"column":2},"end":{"line":142,"column":4}},"8":{"start":{"line":41,"column":10},"end":{"line":41,"column":29}},"9":{"start":{"line":42,"column":10},"end":{"line":42,"column":30}},"10":{"start":{"line":43,"column":10},"end":{"line":43,"column":36}},"11":{"start":{"line":44,"column":10},"end":{"line":44,"column":23}},"12":{"start":{"line":53,"column":14},"end":{"line":57,"column":27}},"13":{"start":{"line":60,"column":14},"end":{"line":60,"column":72}},"14":{"start":{"line":60,"column":45},"end":{"line":60,"column":70}},"15":{"start":{"line":61,"column":14},"end":{"line":63,"column":16}},"16":{"start":{"line":67,"column":12},"end":{"line":73,"column":14}},"17":{"start":{"line":80,"column":14},"end":{"line":84,"column":27}},"18":{"start":{"line":87,"column":14},"end":{"line":87,"column":72}},"19":{"start":{"line":87,"column":45},"end":{"line":87,"column":70}},"20":{"start":{"line":88,"column":14},"end":{"line":90,"column":16}},"21":{"start":{"line":94,"column":12},"end":{"line":98,"column":14}},"22":{"start":{"line":105,"column":14},"end":{"line":109,"column":28}},"23":{"start":{"line":113,"column":14},"end":{"line":113,"column":72}},"24":{"start":{"line":113,"column":45},"end":{"line":113,"column":70}},"25":{"start":{"line":114,"column":14},"end":{"line":116,"column":16}},"26":{"start":{"line":120,"column":12},"end":{"line":124,"column":14}},"27":{"start":{"line":128,"column":31},"end":{"line":128,"column":68}},"28":{"start":{"line":130,"column":12},"end":{"line":137,"column":21}}},"fnMap":{"0":{"name":"(anonymous_0)","decl":{"start":{"line":9,"column":27},"end":{"line":9,"column":28}},"loc":{"start":{"line":9,"column":33},"end":{"line":143,"column":1}},"line":9},"1":{"name":"(anonymous_1)","decl":{"start":{"line":14,"column":15},"end":{"line":14,"column":16}},"loc":{"start":{"line":14,"column":21},"end":{"line":16,"column":5}},"line":14},"2":{"name":"(anonymous_2)","decl":{"start":{"line":25,"column":14},"end":{"line":25,"column":15}},"loc":{"start":{"line":25,"column":35},"end":{"line":28,"column":5}},"line":25},"3":{"name":"(anonymous_3)","decl":{"start":{"line":40,"column":18},"end":{"line":40,"column":19}},"loc":{"start":{"line":40,"column":31},"end":{"line":45,"column":9}},"line":40},"4":{"name":"(anonymous_4)","decl":{"start":{"line":52,"column":22},"end":{"line":52,"column":23}},"loc":{"start":{"line":53,"column":14},"end":{"line":57,"column":27}},"line":53},"5":{"name":"(anonymous_5)","decl":{"start":{"line":59,"column":27},"end":{"line":59,"column":28}},"loc":{"start":{"line":59,"column":48},"end":{"line":64,"column":13}},"line":59},"6":{"name":"(anonymous_6)","decl":{"start":{"line":60,"column":32},"end":{"line":60,"column":33}},"loc":{"start":{"line":60,"column":45},"end":{"line":60,"column":70}},"line":60},"7":{"name":"(anonymous_7)","decl":{"start":{"line":66,"column":20},"end":{"line":66,"column":21}},"loc":{"start":{"line":66,"column":31},"end":{"line":74,"column":11}},"line":66},"8":{"name":"(anonymous_8)","decl":{"start":{"line":79,"column":22},"end":{"line":79,"column":23}},"loc":{"start":{"line":80,"column":14},"end":{"line":84,"column":27}},"line":80},"9":{"name":"(anonymous_9)","decl":{"start":{"line":86,"column":27},"end":{"line":86,"column":28}},"loc":{"start":{"line":86,"column":48},"end":{"line":91,"column":13}},"line":86},"10":{"name":"(anonymous_10)","decl":{"start":{"line":87,"column":32},"end":{"line":87,"column":33}},"loc":{"start":{"line":87,"column":45},"end":{"line":87,"column":70}},"line":87},"11":{"name":"(anonymous_11)","decl":{"start":{"line":93,"column":20},"end":{"line":93,"column":21}},"loc":{"start":{"line":94,"column":12},"end":{"line":98,"column":14}},"line":94},"12":{"name":"(anonymous_12)","decl":{"start":{"line":104,"column":22},"end":{"line":104,"column":23}},"loc":{"start":{"line":104,"column":37},"end":{"line":110,"column":13}},"line":104},"13":{"name":"(anonymous_13)","decl":{"start":{"line":112,"column":27},"end":{"line":112,"column":28}},"loc":{"start":{"line":112,"column":48},"end":{"line":117,"column":13}},"line":112},"14":{"name":"(anonymous_14)","decl":{"start":{"line":113,"column":32},"end":{"line":113,"column":33}},"loc":{"start":{"line":113,"column":45},"end":{"line":113,"column":70}},"line":113},"15":{"name":"(anonymous_15)","decl":{"start":{"line":119,"column":20},"end":{"line":119,"column":21}},"loc":{"start":{"line":120,"column":12},"end":{"line":124,"column":14}},"line":120},"16":{"name":"(anonymous_16)","decl":{"start":{"line":128,"column":20},"end":{"line":128,"column":21}},"loc":{"start":{"line":128,"column":31},"end":{"line":128,"column":68}},"line":128},"17":{"name":"(anonymous_17)","decl":{"start":{"line":129,"column":20},"end":{"line":129,"column":21}},"loc":{"start":{"line":130,"column":12},"end":{"line":137,"column":21}},"line":130}},"branchMap":{"0":{"loc":{"start":{"line":53,"column":14},"end":{"line":57,"column":27}},"type":"cond-expr","locations":[{"start":{"line":54,"column":18},"end":{"line":54,"column":44}},{"start":{"line":55,"column":18},"end":{"line":57,"column":27}}],"line":53},"1":{"loc":{"start":{"line":55,"column":18},"end":{"line":57,"column":27}},"type":"cond-expr","locations":[{"start":{"line":56,"column":18},"end":{"line":56,"column":60}},{"start":{"line":57,"column":18},"end":{"line":57,"column":27}}],"line":55},"2":{"loc":{"start":{"line":62,"column":16},"end":{"line":62,"column":77}},"type":"binary-expr","locations":[{"start":{"line":62,"column":16},"end":{"line":62,"column":39}},{"start":{"line":62,"column":43},"end":{"line":62,"column":77}}],"line":62},"3":{"loc":{"start":{"line":80,"column":14},"end":{"line":84,"column":27}},"type":"cond-expr","locations":[{"start":{"line":81,"column":18},"end":{"line":81,"column":43}},{"start":{"line":82,"column":18},"end":{"line":84,"column":27}}],"line":80},"4":{"loc":{"start":{"line":82,"column":18},"end":{"line":84,"column":27}},"type":"cond-expr","locations":[{"start":{"line":83,"column":18},"end":{"line":83,"column":59}},{"start":{"line":84,"column":18},"end":{"line":84,"column":27}}],"line":82},"5":{"loc":{"start":{"line":89,"column":16},"end":{"line":89,"column":77}},"type":"binary-expr","locations":[{"start":{"line":89,"column":16},"end":{"line":89,"column":39}},{"start":{"line":89,"column":43},"end":{"line":89,"column":77}}],"line":89},"6":{"loc":{"start":{"line":105,"column":21},"end":{"line":109,"column":27}},"type":"cond-expr","locations":[{"start":{"line":106,"column":18},"end":{"line":106,"column":37}},{"start":{"line":107,"column":18},"end":{"line":109,"column":27}}],"line":105},"7":{"loc":{"start":{"line":107,"column":18},"end":{"line":109,"column":27}},"type":"cond-expr","locations":[{"start":{"line":108,"column":18},"end":{"line":108,"column":41}},{"start":{"line":109,"column":18},"end":{"line":109,"column":27}}],"line":107},"8":{"loc":{"start":{"line":115,"column":16},"end":{"line":115,"column":77}},"type":"binary-expr","locations":[{"start":{"line":115,"column":16},"end":{"line":115,"column":39}},{"start":{"line":115,"column":43},"end":{"line":115,"column":77}}],"line":115},"9":{"loc":{"start":{"line":136,"column":15},"end":{"line":136,"column":58}},"type":"cond-expr","locations":[{"start":{"line":136,"column":30},"end":{"line":136,"column":42}},{"start":{"line":136,"column":45},"end":{"line":136,"column":58}}],"line":136}},"s":{"0":1,"1":7,"2":7,"3":0,"4":7,"5":0,"6":0,"7":7,"8":2,"9":2,"10":2,"11":2,"12":1,"13":0,"14":0,"15":0,"16":9,"17":1,"18":0,"19":0,"20":0,"21":9,"22":2,"23":0,"24":0,"25":0,"26":10,"27":41,"28":10},"f":{"0":7,"1":0,"2":0,"3":2,"4":1,"5":0,"6":0,"7":9,"8":1,"9":0,"10":0,"11":9,"12":2,"13":0,"14":0,"15":10,"16":41,"17":10},"b":{"0":[1,0],"1":[0,0],"2":[0,0],"3":[1,0],"4":[0,0],"5":[0,0],"6":[1,1],"7":[1,0],"8":[0,0],"9":[2,8]},"_coverageSchema":"1a1c01bbd47fc00a2c39e90264f33305004495a9","hash":"c5506e6aee3c456e0664c897412528d3815610dc"}
,"D:\\study\\test_react_01_08\\src\\features\\ContactForm\\TagsForm.tsx": {"path":"D:\\study\\test_react_01_08\\src\\features\\ContactForm\\TagsForm.tsx","statementMap":{"0":{"start":{"line":7,"column":24},"end":{"line":78,"column":1}},"1":{"start":{"line":8,"column":17},"end":{"line":8,"column":33}},"2":{"start":{"line":9,"column":29},"end":{"line":15,"column":4}},"3":{"start":{"line":11,"column":6},"end":{"line":11,"column":29}},"4":{"start":{"line":13,"column":6},"end":{"line":13,"column":58}},"5":{"start":{"line":17,"column":15},"end":{"line":25,"column":4}},"6":{"start":{"line":22,"column":26},"end":{"line":22,"column":46}},"7":{"start":{"line":23,"column":6},"end":{"line":23,"column":40}},"8":{"start":{"line":26,"column":2},"end":{"line":77,"column":4}},"9":{"start":{"line":38,"column":10},"end":{"line":38,"column":29}},"10":{"start":{"line":39,"column":10},"end":{"line":39,"column":30}},"11":{"start":{"line":40,"column":10},"end":{"line":40,"column":36}},"12":{"start":{"line":41,"column":10},"end":{"line":41,"column":23}},"13":{"start":{"line":48,"column":38},"end":{"line":48,"column":78}},"14":{"start":{"line":51,"column":14},"end":{"line":51,"column":72}},"15":{"start":{"line":51,"column":45},"end":{"line":51,"column":70}},"16":{"start":{"line":52,"column":14},"end":{"line":54,"column":16}},"17":{"start":{"line":58,"column":12},"end":{"line":64,"column":14}},"18":{"start":{"line":68,"column":31},"end":{"line":68,"column":68}},"19":{"start":{"line":70,"column":12},"end":{"line":72,"column":21}}},"fnMap":{"0":{"name":"(anonymous_0)","decl":{"start":{"line":7,"column":24},"end":{"line":7,"column":25}},"loc":{"start":{"line":7,"column":52},"end":{"line":78,"column":1}},"line":7},"1":{"name":"(anonymous_1)","decl":{"start":{"line":10,"column":16},"end":{"line":10,"column":17}},"loc":{"start":{"line":11,"column":6},"end":{"line":11,"column":29}},"line":11},"2":{"name":"(anonymous_2)","decl":{"start":{"line":12,"column":15},"end":{"line":12,"column":16}},"loc":{"start":{"line":12,"column":21},"end":{"line":14,"column":5}},"line":12},"3":{"name":"(anonymous_3)","decl":{"start":{"line":21,"column":14},"end":{"line":21,"column":15}},"loc":{"start":{"line":21,"column":35},"end":{"line":24,"column":5}},"line":21},"4":{"name":"(anonymous_4)","decl":{"start":{"line":37,"column":18},"end":{"line":37,"column":19}},"loc":{"start":{"line":37,"column":31},"end":{"line":42,"column":9}},"line":37},"5":{"name":"(anonymous_5)","decl":{"start":{"line":48,"column":22},"end":{"line":48,"column":23}},"loc":{"start":{"line":48,"column":38},"end":{"line":48,"column":78}},"line":48},"6":{"name":"(anonymous_6)","decl":{"start":{"line":50,"column":27},"end":{"line":50,"column":28}},"loc":{"start":{"line":50,"column":48},"end":{"line":55,"column":13}},"line":50},"7":{"name":"(anonymous_7)","decl":{"start":{"line":51,"column":32},"end":{"line":51,"column":33}},"loc":{"start":{"line":51,"column":45},"end":{"line":51,"column":70}},"line":51},"8":{"name":"(anonymous_8)","decl":{"start":{"line":57,"column":20},"end":{"line":57,"column":21}},"loc":{"start":{"line":57,"column":31},"end":{"line":65,"column":11}},"line":57},"9":{"name":"(anonymous_9)","decl":{"start":{"line":68,"column":20},"end":{"line":68,"column":21}},"loc":{"start":{"line":68,"column":31},"end":{"line":68,"column":68}},"line":68},"10":{"name":"(anonymous_10)","decl":{"start":{"line":69,"column":20},"end":{"line":69,"column":21}},"loc":{"start":{"line":70,"column":12},"end":{"line":72,"column":21}},"line":70}},"branchMap":{"0":{"loc":{"start":{"line":48,"column":38},"end":{"line":48,"column":78}},"type":"cond-expr","locations":[{"start":{"line":48,"column":47},"end":{"line":48,"column":66}},{"start":{"line":48,"column":69},"end":{"line":48,"column":78}}],"line":48},"1":{"loc":{"start":{"line":53,"column":16},"end":{"line":53,"column":77}},"type":"binary-expr","locations":[{"start":{"line":53,"column":16},"end":{"line":53,"column":39}},{"start":{"line":53,"column":43},"end":{"line":53,"column":77}}],"line":53},"2":{"loc":{"start":{"line":71,"column":15},"end":{"line":71,"column":53}},"type":"cond-expr","locations":[{"start":{"line":71,"column":30},"end":{"line":71,"column":41}},{"start":{"line":71,"column":44},"end":{"line":71,"column":53}}],"line":71}},"s":{"0":1,"1":6,"2":6,"3":0,"4":0,"5":6,"6":0,"7":0,"8":6,"9":1,"10":1,"11":1,"12":1,"13":1,"14":0,"15":0,"16":0,"17":7,"18":22,"19":7},"f":{"0":6,"1":0,"2":0,"3":0,"4":1,"5":1,"6":0,"7":0,"8":7,"9":22,"10":7},"b":{"0":[1,0],"1":[0,0],"2":[2,5]},"_coverageSchema":"1a1c01bbd47fc00a2c39e90264f33305004495a9","hash":"c3ea39096d3b2643f8caddb0460d9e654627815f"}
,"D:\\study\\test_react_01_08\\src\\features\\ContactForm\\index.ts": {"path":"D:\\study\\test_react_01_08\\src\\features\\ContactForm\\index.ts","statementMap":{},"fnMap":{},"branchMap":{},"s":{},"f":{},"b":{}}
,"D:\\study\\test_react_01_08\\src\\features\\ContactForm\\components\\Input.tsx": {"path":"D:\\study\\test_react_01_08\\src\\features\\ContactForm\\components\\Input.tsx","statementMap":{"0":{"start":{"line":5,"column":19},"end":{"line":9,"column":3}},"1":{"start":{"line":5,"column":76},"end":{"line":9,"column":1}},"2":{"start":{"line":11,"column":44},"end":{"line":25,"column":1}},"3":{"start":{"line":12,"column":2},"end":{"line":24,"column":4}},"4":{"start":{"line":20,"column":25},"end":{"line":20,"column":59}},"5":{"start":{"line":31,"column":18},"end":{"line":45,"column":1}},"6":{"start":{"line":35,"column":2},"end":{"line":44,"column":4}}},"fnMap":{"0":{"name":"(anonymous_0)","decl":{"start":{"line":5,"column":51},"end":{"line":5,"column":52}},"loc":{"start":{"line":5,"column":76},"end":{"line":9,"column":1}},"line":5},"1":{"name":"(anonymous_1)","decl":{"start":{"line":11,"column":44},"end":{"line":11,"column":45}},"loc":{"start":{"line":11,"column":59},"end":{"line":25,"column":1}},"line":11},"2":{"name":"(anonymous_2)","decl":{"start":{"line":20,"column":18},"end":{"line":20,"column":19}},"loc":{"start":{"line":20,"column":25},"end":{"line":20,"column":59}},"line":20},"3":{"name":"(anonymous_3)","decl":{"start":{"line":31,"column":18},"end":{"line":31,"column":19}},"loc":{"start":{"line":34,"column":54},"end":{"line":45,"column":1}},"line":34}},"branchMap":{"0":{"loc":{"start":{"line":6,"column":9},"end":{"line":6,"column":72}},"type":"cond-expr","locations":[{"start":{"line":6,"column":19},"end":{"line":6,"column":43}},{"start":{"line":6,"column":46},"end":{"line":6,"column":72}}],"line":6},"1":{"loc":{"start":{"line":37,"column":7},"end":{"line":39,"column":14}},"type":"cond-expr","locations":[{"start":{"line":38,"column":8},"end":{"line":38,"column":77}},{"start":{"line":39,"column":10},"end":{"line":39,"column":14}}],"line":37},"2":{"loc":{"start":{"line":37,"column":7},"end":{"line":37,"column":67}},"type":"binary-expr","locations":[{"start":{"line":37,"column":7},"end":{"line":37,"column":33}},{"start":{"line":37,"column":37},"end":{"line":37,"column":67}}],"line":37},"3":{"loc":{"start":{"line":40,"column":7},"end":{"line":42,"column":14}},"type":"cond-expr","locations":[{"start":{"line":41,"column":8},"end":{"line":41,"column":62}},{"start":{"line":42,"column":10},"end":{"line":42,"column":14}}],"line":40}},"s":{"0":3,"1":11,"2":3,"3":35,"4":2,"5":3,"6":35},"f":{"0":11,"1":35,"2":2,"3":35},"b":{"0":[10,1],"1":[10,25],"2":[35,14],"3":[1,34]},"_coverageSchema":"1a1c01bbd47fc00a2c39e90264f33305004495a9","hash":"c03a51aaa124b006adcc3f363e0b52ef44785252"}
,"D:\\study\\test_react_01_08\\src\\features\\ContactForm\\components\\types.ts": {"path":"D:\\study\\test_react_01_08\\src\\features\\ContactForm\\components\\types.ts","statementMap":{},"fnMap":{},"branchMap":{},"s":{},"f":{},"b":{}}
,"D:\\study\\test_react_01_08\\src\\features\\ContactsList\\ContactsList.tsx": {"path":"D:\\study\\test_react_01_08\\src\\features\\ContactsList\\ContactsList.tsx","statementMap":{"0":{"start":{"line":8,"column":28},"end":{"line":37,"column":1}},"1":{"start":{"line":9,"column":41},"end":{"line":12,"column":4}},"2":{"start":{"line":14,"column":2},"end":{"line":36,"column":4}},"3":{"start":{"line":25,"column":14},"end":{"line":31,"column":21}}},"fnMap":{"0":{"name":"(anonymous_0)","decl":{"start":{"line":8,"column":28},"end":{"line":8,"column":29}},"loc":{"start":{"line":8,"column":34},"end":{"line":37,"column":1}},"line":8},"1":{"name":"(anonymous_1)","decl":{"start":{"line":24,"column":31},"end":{"line":24,"column":32}},"loc":{"start":{"line":25,"column":14},"end":{"line":31,"column":21}},"line":25}},"branchMap":{"0":{"loc":{"start":{"line":19,"column":7},"end":{"line":34,"column":7}},"type":"cond-expr","locations":[{"start":{"line":20,"column":8},"end":{"line":20,"column":28}},{"start":{"line":22,"column":8},"end":{"line":33,"column":16}}],"line":19},"1":{"loc":{"start":{"line":23,"column":11},"end":{"line":32,"column":14}},"type":"binary-expr","locations":[{"start":{"line":23,"column":11},"end":{"line":23,"column":20}},{"start":{"line":24,"column":12},"end":{"line":32,"column":14}}],"line":23}},"s":{"0":1,"1":1,"2":1,"3":0},"f":{"0":1,"1":0},"b":{"0":[1,0],"1":[0,0]},"_coverageSchema":"1a1c01bbd47fc00a2c39e90264f33305004495a9","hash":"0710994a0e92cb3419d6b6b3e3d00815a72f0aa9"}
,"D:\\study\\test_react_01_08\\src\\features\\ContactsList\\index.ts": {"path":"D:\\study\\test_react_01_08\\src\\features\\ContactsList\\index.ts","statementMap":{},"fnMap":{},"branchMap":{},"s":{},"f":{},"b":{}}
,"D:\\study\\test_react_01_08\\src\\features\\ContactsList\\ContactCard\\ContactCard.tsx": {"path":"D:\\study\\test_react_01_08\\src\\features\\ContactsList\\ContactCard\\ContactCard.tsx","statementMap":{"0":{"start":{"line":16,"column":56},"end":{"line":94,"column":1}},"1":{"start":{"line":17,"column":42},"end":{"line":17,"column":62}},"2":{"start":{"line":18,"column":18},"end":{"line":18,"column":46}},"3":{"start":{"line":20,"column":17},"end":{"line":20,"column":33}},"4":{"start":{"line":22,"column":31},"end":{"line":28,"column":4}},"5":{"start":{"line":23,"column":32},"end":{"line":23,"column":49}},"6":{"start":{"line":25,"column":6},"end":{"line":25,"column":59}},"7":{"start":{"line":26,"column":6},"end":{"line":26,"column":55}},"8":{"start":{"line":30,"column":22},"end":{"line":32,"column":3}},"9":{"start":{"line":31,"column":4},"end":{"line":31,"column":24}},"10":{"start":{"line":34,"column":23},"end":{"line":48,"column":3}},"11":{"start":{"line":37,"column":4},"end":{"line":37,"column":24}},"12":{"start":{"line":38,"column":4},"end":{"line":38,"column":24}},"13":{"start":{"line":39,"column":4},"end":{"line":39,"column":23}},"14":{"start":{"line":40,"column":4},"end":{"line":47,"column":5}},"15":{"start":{"line":41,"column":17},"end":{"line":41,"column":44}},"16":{"start":{"line":42,"column":6},"end":{"line":44,"column":7}},"17":{"start":{"line":43,"column":8},"end":{"line":43,"column":21}},"18":{"start":{"line":46,"column":6},"end":{"line":46,"column":44}},"19":{"start":{"line":50,"column":2},"end":{"line":93,"column":4}},"20":{"start":{"line":77,"column":12},"end":{"line":77,"column":51}},"21":{"start":{"line":82,"column":26},"end":{"line":82,"column":41}}},"fnMap":{"0":{"name":"(anonymous_0)","decl":{"start":{"line":16,"column":56},"end":{"line":16,"column":57}},"loc":{"start":{"line":16,"column":70},"end":{"line":94,"column":1}},"line":16},"1":{"name":"(anonymous_1)","decl":{"start":{"line":23,"column":16},"end":{"line":23,"column":17}},"loc":{"start":{"line":23,"column":32},"end":{"line":23,"column":49}},"line":23},"2":{"name":"(anonymous_2)","decl":{"start":{"line":24,"column":15},"end":{"line":24,"column":16}},"loc":{"start":{"line":24,"column":29},"end":{"line":27,"column":5}},"line":24},"3":{"name":"(anonymous_3)","decl":{"start":{"line":30,"column":22},"end":{"line":30,"column":23}},"loc":{"start":{"line":30,"column":28},"end":{"line":32,"column":3}},"line":30},"4":{"name":"(anonymous_4)","decl":{"start":{"line":34,"column":23},"end":{"line":34,"column":24}},"loc":{"start":{"line":36,"column":7},"end":{"line":48,"column":3}},"line":36},"5":{"name":"(anonymous_5)","decl":{"start":{"line":76,"column":25},"end":{"line":76,"column":26}},"loc":{"start":{"line":77,"column":12},"end":{"line":77,"column":51}},"line":77},"6":{"name":"(anonymous_6)","decl":{"start":{"line":82,"column":19},"end":{"line":82,"column":20}},"loc":{"start":{"line":82,"column":26},"end":{"line":82,"column":41}},"line":82}},"branchMap":{"0":{"loc":{"start":{"line":42,"column":6},"end":{"line":44,"column":7}},"type":"if","locations":[{"start":{"line":42,"column":6},"end":{"line":44,"column":7}},{"start":{},"end":{}}],"line":42}},"s":{"0":2,"1":4,"2":4,"3":4,"4":4,"5":1,"6":1,"7":1,"8":4,"9":0,"10":4,"11":1,"12":1,"13":1,"14":1,"15":1,"16":1,"17":1,"18":0,"19":4,"20":8,"21":1},"f":{"0":4,"1":1,"2":1,"3":0,"4":1,"5":8,"6":1},"b":{"0":[1,0]},"_coverageSchema":"1a1c01bbd47fc00a2c39e90264f33305004495a9","hash":"8072252196637bba9b71f1f132869c58c58fbbbe"}
,"D:\\study\\test_react_01_08\\src\\features\\ContactsList\\ContactCard\\types.ts": {"path":"D:\\study\\test_react_01_08\\src\\features\\ContactsList\\ContactCard\\types.ts","statementMap":{},"fnMap":{},"branchMap":{},"s":{},"f":{},"b":{}}
,"D:\\study\\test_react_01_08\\src\\features\\ContactsList\\ContactCard\\components\\ContactInfo\\ContactInfo.tsx": {"path":"D:\\study\\test_react_01_08\\src\\features\\ContactsList\\ContactCard\\components\\ContactInfo\\ContactInfo.tsx","statementMap":{"0":{"start":{"line":5,"column":56},"end":{"line":33,"column":1}},"1":{"start":{"line":9,"column":2},"end":{"line":32,"column":4}}},"fnMap":{"0":{"name":"(anonymous_0)","decl":{"start":{"line":5,"column":56},"end":{"line":5,"column":57}},"loc":{"start":{"line":8,"column":6},"end":{"line":33,"column":1}},"line":8}},"branchMap":{"0":{"loc":{"start":{"line":7,"column":2},"end":{"line":7,"column":20}},"type":"default-arg","locations":[{"start":{"line":7,"column":15},"end":{"line":7,"column":20}}],"line":7},"1":{"loc":{"start":{"line":14,"column":19},"end":{"line":14,"column":68}},"type":"binary-expr","locations":[{"start":{"line":14,"column":19},"end":{"line":14,"column":37}},{"start":{"line":14,"column":41},"end":{"line":14,"column":68}}],"line":14},"2":{"loc":{"start":{"line":18,"column":19},"end":{"line":18,"column":66}},"type":"binary-expr","locations":[{"start":{"line":18,"column":19},"end":{"line":18,"column":36}},{"start":{"line":18,"column":40},"end":{"line":18,"column":66}}],"line":18},"3":{"loc":{"start":{"line":23,"column":9},"end":{"line":29,"column":9}},"type":"cond-expr","locations":[{"start":{"line":24,"column":10},"end":{"line":24,"column":29}},{"start":{"line":26,"column":10},"end":{"line":28,"column":17}}],"line":23},"4":{"loc":{"start":{"line":26,"column":30},"end":{"line":26,"column":63}},"type":"binary-expr","locations":[{"start":{"line":26,"column":30},"end":{"line":26,"column":40}},{"start":{"line":26,"column":44},"end":{"line":26,"column":63}}],"line":26}},"s":{"0":3,"1":8},"f":{"0":8},"b":{"0":[1],"1":[8,8],"2":[8,8],"3":[7,1],"4":[1,1]},"_coverageSchema":"1a1c01bbd47fc00a2c39e90264f33305004495a9","hash":"9489a9965b835f5b2bf4040e8e17eba65da7d804"}
,"D:\\study\\test_react_01_08\\src\\features\\ContactsList\\ContactCard\\components\\ContactInfo\\types.ts": {"path":"D:\\study\\test_react_01_08\\src\\features\\ContactsList\\ContactCard\\components\\ContactInfo\\types.ts","statementMap":{},"fnMap":{},"branchMap":{},"s":{},"f":{},"b":{}}
,"D:\\study\\test_react_01_08\\src\\pages\\ContactPage.tsx": {"path":"D:\\study\\test_react_01_08\\src\\pages\\ContactPage.tsx","statementMap":{"0":{"start":{"line":16,"column":27},"end":{"line":72,"column":1}},"1":{"start":{"line":17,"column":17},"end":{"line":17,"column":28}},"2":{"start":{"line":18,"column":19},"end":{"line":18,"column":32}},"3":{"start":{"line":20,"column":41},"end":{"line":24,"column":4}},"4":{"start":{"line":22,"column":19},"end":{"line":22,"column":34}},"5":{"start":{"line":26,"column":2},"end":{"line":31,"column":6}},"6":{"start":{"line":27,"column":4},"end":{"line":31,"column":6}},"7":{"start":{"line":33,"column":2},"end":{"line":71,"column":11}},"8":{"start":{"line":46,"column":25},"end":{"line":46,"column":37}},"9":{"start":{"line":64,"column":14},"end":{"line":64,"column":53}}},"fnMap":{"0":{"name":"(anonymous_0)","decl":{"start":{"line":16,"column":27},"end":{"line":16,"column":28}},"loc":{"start":{"line":16,"column":33},"end":{"line":72,"column":1}},"line":16},"1":{"name":"(anonymous_1)","decl":{"start":{"line":22,"column":13},"end":{"line":22,"column":14}},"loc":{"start":{"line":22,"column":19},"end":{"line":22,"column":34}},"line":22},"2":{"name":"(anonymous_2)","decl":{"start":{"line":46,"column":19},"end":{"line":46,"column":20}},"loc":{"start":{"line":46,"column":25},"end":{"line":46,"column":37}},"line":46},"3":{"name":"(anonymous_3)","decl":{"start":{"line":63,"column":41},"end":{"line":63,"column":42}},"loc":{"start":{"line":64,"column":14},"end":{"line":64,"column":53}},"line":64}},"branchMap":{"0":{"loc":{"start":{"line":26,"column":2},"end":{"line":31,"column":6}},"type":"if","locations":[{"start":{"line":26,"column":2},"end":{"line":31,"column":6}},{"start":{},"end":{}}],"line":26},"1":{"loc":{"start":{"line":33,"column":9},"end":{"line":71,"column":10}},"type":"cond-expr","locations":[{"start":{"line":34,"column":4},"end":{"line":70,"column":16}},{"start":{"line":71,"column":6},"end":{"line":71,"column":10}}],"line":33}},"s":{"0":0,"1":0,"2":0,"3":0,"4":0,"5":0,"6":0,"7":0,"8":0,"9":0},"f":{"0":0,"1":0,"2":0,"3":0},"b":{"0":[0,0],"1":[0,0]}}
,"D:\\study\\test_react_01_08\\src\\pages\\HomePage.tsx": {"path":"D:\\study\\test_react_01_08\\src\\pages\\HomePage.tsx","statementMap":{"0":{"start":{"line":5,"column":24},"end":{"line":27,"column":1}},"1":{"start":{"line":6,"column":2},"end":{"line":26,"column":4}}},"fnMap":{"0":{"name":"(anonymous_0)","decl":{"start":{"line":5,"column":24},"end":{"line":5,"column":25}},"loc":{"start":{"line":5,"column":30},"end":{"line":27,"column":1}},"line":5}},"branchMap":{},"s":{"0":0,"1":0},"f":{"0":0},"b":{}}
,"D:\\study\\test_react_01_08\\src\\routes\\routes.tsx": {"path":"D:\\study\\test_react_01_08\\src\\routes\\routes.tsx","statementMap":{"0":{"start":{"line":7,"column":15},"end":{"line":16,"column":1}}},"fnMap":{},"branchMap":{},"s":{"0":0},"f":{},"b":{}}
,"D:\\study\\test_react_01_08\\src\\services\\contacts.ts": {"path":"D:\\study\\test_react_01_08\\src\\services\\contacts.ts","statementMap":{"0":{"start":{"line":5,"column":2},"end":{"line":5,"column":73}},"1":{"start":{"line":7,"column":27},"end":{"line":29,"column":1}},"2":{"start":{"line":8,"column":2},"end":{"line":28,"column":3}},"3":{"start":{"line":9,"column":21},"end":{"line":20,"column":5}},"4":{"start":{"line":21,"column":4},"end":{"line":21,"column":25}},"5":{"start":{"line":23,"column":4},"end":{"line":27,"column":5}},"6":{"start":{"line":24,"column":6},"end":{"line":24,"column":33}},"7":{"start":{"line":26,"column":6},"end":{"line":26,"column":18}},"8":{"start":{"line":31,"column":26},"end":{"line":50,"column":1}},"9":{"start":{"line":32,"column":2},"end":{"line":49,"column":3}},"10":{"start":{"line":33,"column":21},"end":{"line":41,"column":5}},"11":{"start":{"line":42,"column":4},"end":{"line":42,"column":25}},"12":{"start":{"line":44,"column":4},"end":{"line":48,"column":5}},"13":{"start":{"line":45,"column":6},"end":{"line":45,"column":33}},"14":{"start":{"line":47,"column":6},"end":{"line":47,"column":18}},"15":{"start":{"line":52,"column":29},"end":{"line":72,"column":1}},"16":{"start":{"line":53,"column":2},"end":{"line":71,"column":3}},"17":{"start":{"line":54,"column":21},"end":{"line":63,"column":5}},"18":{"start":{"line":64,"column":4},"end":{"line":64,"column":25}},"19":{"start":{"line":66,"column":4},"end":{"line":70,"column":5}},"20":{"start":{"line":67,"column":6},"end":{"line":67,"column":33}},"21":{"start":{"line":69,"column":6},"end":{"line":69,"column":18}},"22":{"start":{"line":74,"column":29},"end":{"line":90,"column":1}},"23":{"start":{"line":75,"column":2},"end":{"line":89,"column":3}},"24":{"start":{"line":76,"column":21},"end":{"line":81,"column":6}},"25":{"start":{"line":82,"column":4},"end":{"line":82,"column":25}},"26":{"start":{"line":84,"column":4},"end":{"line":88,"column":5}},"27":{"start":{"line":85,"column":6},"end":{"line":85,"column":33}},"28":{"start":{"line":87,"column":6},"end":{"line":87,"column":18}},"29":{"start":{"line":92,"column":29},"end":{"line":111,"column":1}},"30":{"start":{"line":93,"column":2},"end":{"line":110,"column":3}},"31":{"start":{"line":94,"column":21},"end":{"line":102,"column":5}},"32":{"start":{"line":103,"column":4},"end":{"line":103,"column":25}},"33":{"start":{"line":105,"column":4},"end":{"line":109,"column":5}},"34":{"start":{"line":106,"column":6},"end":{"line":106,"column":33}},"35":{"start":{"line":108,"column":6},"end":{"line":108,"column":18}}},"fnMap":{"0":{"name":"(anonymous_0)","decl":{"start":{"line":7,"column":27},"end":{"line":7,"column":28}},"loc":{"start":{"line":7,"column":39},"end":{"line":29,"column":1}},"line":7},"1":{"name":"(anonymous_1)","decl":{"start":{"line":31,"column":26},"end":{"line":31,"column":27}},"loc":{"start":{"line":31,"column":48},"end":{"line":50,"column":1}},"line":31},"2":{"name":"(anonymous_2)","decl":{"start":{"line":52,"column":29},"end":{"line":52,"column":30}},"loc":{"start":{"line":52,"column":67},"end":{"line":72,"column":1}},"line":52},"3":{"name":"(anonymous_3)","decl":{"start":{"line":74,"column":29},"end":{"line":74,"column":30}},"loc":{"start":{"line":74,"column":54},"end":{"line":90,"column":1}},"line":74},"4":{"name":"(anonymous_4)","decl":{"start":{"line":92,"column":29},"end":{"line":92,"column":30}},"loc":{"start":{"line":92,"column":51},"end":{"line":111,"column":1}},"line":92}},"branchMap":{"0":{"loc":{"start":{"line":23,"column":4},"end":{"line":27,"column":5}},"type":"if","locations":[{"start":{"line":23,"column":4},"end":{"line":27,"column":5}},{"start":{"line":25,"column":11},"end":{"line":27,"column":5}}],"line":23},"1":{"loc":{"start":{"line":44,"column":4},"end":{"line":48,"column":5}},"type":"if","locations":[{"start":{"line":44,"column":4},"end":{"line":48,"column":5}},{"start":{"line":46,"column":11},"end":{"line":48,"column":5}}],"line":44},"2":{"loc":{"start":{"line":66,"column":4},"end":{"line":70,"column":5}},"type":"if","locations":[{"start":{"line":66,"column":4},"end":{"line":70,"column":5}},{"start":{"line":68,"column":11},"end":{"line":70,"column":5}}],"line":66},"3":{"loc":{"start":{"line":84,"column":4},"end":{"line":88,"column":5}},"type":"if","locations":[{"start":{"line":84,"column":4},"end":{"line":88,"column":5}},{"start":{"line":86,"column":11},"end":{"line":88,"column":5}}],"line":84},"4":{"loc":{"start":{"line":105,"column":4},"end":{"line":109,"column":5}},"type":"if","locations":[{"start":{"line":105,"column":4},"end":{"line":109,"column":5}},{"start":{"line":107,"column":11},"end":{"line":109,"column":5}}],"line":105}},"s":{"0":3,"1":3,"2":0,"3":0,"4":0,"5":0,"6":0,"7":0,"8":3,"9":0,"10":0,"11":0,"12":0,"13":0,"14":0,"15":3,"16":0,"17":0,"18":0,"19":0,"20":0,"21":0,"22":3,"23":0,"24":0,"25":0,"26":0,"27":0,"28":0,"29":3,"30":0,"31":0,"32":0,"33":0,"34":0,"35":0},"f":{"0":0,"1":0,"2":0,"3":0,"4":0},"b":{"0":[0,0],"1":[0,0],"2":[0,0],"3":[0,0],"4":[0,0]},"_coverageSchema":"1a1c01bbd47fc00a2c39e90264f33305004495a9","hash":"d2ca5df3b8c4ee5c18a12d46daaf51a12d6cc8f1"}
,"D:\\study\\test_react_01_08\\src\\theme\\ThemeProvider.tsx": {"path":"D:\\study\\test_react_01_08\\src\\theme\\ThemeProvider.tsx","statementMap":{"0":{"start":{"line":4,"column":14},"end":{"line":15,"column":2}},"1":{"start":{"line":17,"column":29},"end":{"line":24,"column":1}},"2":{"start":{"line":18,"column":4},"end":{"line":23,"column":6}}},"fnMap":{"0":{"name":"(anonymous_0)","decl":{"start":{"line":17,"column":29},"end":{"line":17,"column":30}},"loc":{"start":{"line":17,"column":78},"end":{"line":24,"column":1}},"line":17}},"branchMap":{},"s":{"0":1,"1":1,"2":1},"f":{"0":1},"b":{},"_coverageSchema":"1a1c01bbd47fc00a2c39e90264f33305004495a9","hash":"2bfac7f57a1d3e7a5337143dc7e4833259dcb0cc"}
,"D:\\study\\test_react_01_08\\src\\types\\types.ts": {"path":"D:\\study\\test_react_01_08\\src\\types\\types.ts","statementMap":{},"fnMap":{},"branchMap":{},"s":{},"f":{},"b":{}}
,"D:\\study\\test_react_01_08\\src\\utils\\returnContactData.ts": {"path":"D:\\study\\test_react_01_08\\src\\utils\\returnContactData.ts","statementMap":{"0":{"start":{"line":3,"column":33},"end":{"line":35,"column":2}},"1":{"start":{"line":3,"column":57},"end":{"line":35,"column":1}}},"fnMap":{"0":{"name":"(anonymous_0)","decl":{"start":{"line":3,"column":33},"end":{"line":3,"column":34}},"loc":{"start":{"line":3,"column":57},"end":{"line":35,"column":1}},"line":3}},"branchMap":{},"s":{"0":2,"1":2},"f":{"0":2},"b":{},"_coverageSchema":"1a1c01bbd47fc00a2c39e90264f33305004495a9","hash":"e837e3de0fd245898bb115dd8dcdcbc9294ecbed"}
,"D:\\study\\test_react_01_08\\src\\utils\\validation.ts": {"path":"D:\\study\\test_react_01_08\\src\\utils\\validation.ts","statementMap":{"0":{"start":{"line":1,"column":29},"end":{"line":15,"column":1}},"1":{"start":{"line":2,"column":21},"end":{"line":2,"column":52}},"2":{"start":{"line":4,"column":2},"end":{"line":6,"column":3}},"3":{"start":{"line":5,"column":4},"end":{"line":5,"column":17}},"4":{"start":{"line":9,"column":17},"end":{"line":9,"column":36}},"5":{"start":{"line":10,"column":2},"end":{"line":12,"column":3}},"6":{"start":{"line":11,"column":4},"end":{"line":11,"column":17}},"7":{"start":{"line":14,"column":2},"end":{"line":14,"column":14}}},"fnMap":{"0":{"name":"(anonymous_0)","decl":{"start":{"line":1,"column":29},"end":{"line":1,"column":30}},"loc":{"start":{"line":1,"column":57},"end":{"line":15,"column":1}},"line":1}},"branchMap":{"0":{"loc":{"start":{"line":4,"column":2},"end":{"line":6,"column":3}},"type":"if","locations":[{"start":{"line":4,"column":2},"end":{"line":6,"column":3}},{"start":{},"end":{}}],"line":4},"1":{"loc":{"start":{"line":10,"column":2},"end":{"line":12,"column":3}},"type":"if","locations":[{"start":{"line":10,"column":2},"end":{"line":12,"column":3}},{"start":{},"end":{}}],"line":10}},"s":{"0":2,"1":10,"2":10,"3":7,"4":3,"5":3,"6":1,"7":2},"f":{"0":10},"b":{"0":[7,3],"1":[1,2]},"_coverageSchema":"1a1c01bbd47fc00a2c39e90264f33305004495a9","hash":"7c7f77ca22408fa382595d39268afde854ee988a"}
}
