TN:
SF:src\App.tsx
FN:4,App
FNF:1
FNH:0
FNDA:0,App
DA:5,0
DA:6,0
LF:2
LH:0
BRF:0
BRH:0
end_of_record
TN:
SF:src\main.tsx
FNF:0
FNH:0
DA:8,0
DA:10,0
LF:2
LH:0
BRF:0
BRH:0
end_of_record
TN:
SF:src\vite-env.d.ts
FNF:0
FNH:0
LF:0
LH:0
BRF:0
BRH:0
end_of_record
TN:
SF:src\constants\routes.ts
FNF:0
FNH:0
DA:1,0
LF:1
LH:0
BRF:0
BRH:0
end_of_record
TN:
SF:src\features\ContactForm\ContactForm.tsx
FN:9,(anonymous_0)
FN:14,(anonymous_1)
FN:25,(anonymous_2)
FN:40,(anonymous_3)
FN:52,(anonymous_4)
FN:59,(anonymous_5)
FN:60,(anonymous_6)
FN:66,(anonymous_7)
FN:79,(anonymous_8)
FN:86,(anonymous_9)
FN:87,(anonymous_10)
FN:93,(anonymous_11)
FN:104,(anonymous_12)
FN:112,(anonymous_13)
FN:113,(anonymous_14)
FN:119,(anonymous_15)
FN:128,(anonymous_16)
FN:129,(anonymous_17)
FNF:18
FNH:10
FNDA:7,(anonymous_0)
FNDA:0,(anonymous_1)
FNDA:0,(anonymous_2)
FNDA:2,(anonymous_3)
FNDA:1,(anonymous_4)
FNDA:0,(anonymous_5)
FNDA:0,(anonymous_6)
FNDA:9,(anonymous_7)
FNDA:1,(anonymous_8)
FNDA:0,(anonymous_9)
FNDA:0,(anonymous_10)
FNDA:9,(anonymous_11)
FNDA:2,(anonymous_12)
FNDA:0,(anonymous_13)
FNDA:0,(anonymous_14)
FNDA:10,(anonymous_15)
FNDA:41,(anonymous_16)
FNDA:10,(anonymous_17)
DA:9,1
DA:10,7
DA:12,7
DA:15,0
DA:19,7
DA:26,0
DA:27,0
DA:30,7
DA:41,2
DA:42,2
DA:43,2
DA:44,2
DA:53,1
DA:60,0
DA:61,0
DA:67,9
DA:80,1
DA:87,0
DA:88,0
DA:94,9
DA:105,2
DA:113,0
DA:114,0
DA:120,10
DA:128,41
DA:130,10
LF:26
LH:17
BRDA:53,0,0,1
BRDA:53,0,1,0
BRDA:55,1,0,0
BRDA:55,1,1,0
BRDA:62,2,0,0
BRDA:62,2,1,0
BRDA:80,3,0,1
BRDA:80,3,1,0
BRDA:82,4,0,0
BRDA:82,4,1,0
BRDA:89,5,0,0
BRDA:89,5,1,0
BRDA:105,6,0,1
BRDA:105,6,1,1
BRDA:107,7,0,1
BRDA:107,7,1,0
BRDA:115,8,0,0
BRDA:115,8,1,0
BRDA:136,9,0,2
BRDA:136,9,1,8
BRF:20
BRH:7
end_of_record
TN:
SF:src\features\ContactForm\TagsForm.tsx
FN:7,(anonymous_0)
FN:10,(anonymous_1)
FN:12,(anonymous_2)
FN:21,(anonymous_3)
FN:37,(anonymous_4)
FN:48,(anonymous_5)
FN:50,(anonymous_6)
FN:51,(anonymous_7)
FN:57,(anonymous_8)
FN:68,(anonymous_9)
FN:69,(anonymous_10)
FNF:11
FNH:6
FNDA:6,(anonymous_0)
FNDA:0,(anonymous_1)
FNDA:0,(anonymous_2)
FNDA:0,(anonymous_3)
FNDA:1,(anonymous_4)
FNDA:1,(anonymous_5)
FNDA:0,(anonymous_6)
FNDA:0,(anonymous_7)
FNDA:7,(anonymous_8)
FNDA:22,(anonymous_9)
FNDA:7,(anonymous_10)
DA:7,1
DA:8,6
DA:9,6
DA:11,0
DA:13,0
DA:17,6
DA:22,0
DA:23,0
DA:26,6
DA:38,1
DA:39,1
DA:40,1
DA:41,1
DA:48,1
DA:51,0
DA:52,0
DA:58,7
DA:68,22
DA:70,7
LF:19
LH:13
BRDA:48,0,0,1
BRDA:48,0,1,0
BRDA:53,1,0,0
BRDA:53,1,1,0
BRDA:71,2,0,2
BRDA:71,2,1,5
BRF:6
BRH:3
end_of_record
TN:
SF:src\features\ContactForm\index.ts
FNF:0
FNH:0
LF:0
LH:0
BRF:0
BRH:0
end_of_record
TN:
SF:src\features\ContactForm\components\Input.tsx
FN:5,(anonymous_0)
FN:11,(anonymous_1)
FN:20,(anonymous_2)
FN:31,(anonymous_3)
FNF:4
FNH:4
FNDA:11,(anonymous_0)
FNDA:35,(anonymous_1)
FNDA:2,(anonymous_2)
FNDA:35,(anonymous_3)
DA:5,11
DA:11,3
DA:12,35
DA:20,2
DA:31,3
DA:35,35
LF:6
LH:6
BRDA:6,0,0,10
BRDA:6,0,1,1
BRDA:37,1,0,10
BRDA:37,1,1,25
BRDA:37,2,0,35
BRDA:37,2,1,14
BRDA:40,3,0,1
BRDA:40,3,1,34
BRF:8
BRH:8
end_of_record
TN:
SF:src\features\ContactForm\components\types.ts
FNF:0
FNH:0
LF:0
LH:0
BRF:0
BRH:0
end_of_record
TN:
SF:src\features\ContactsList\ContactsList.tsx
FN:8,(anonymous_0)
FN:24,(anonymous_1)
FNF:2
FNH:1
FNDA:1,(anonymous_0)
FNDA:0,(anonymous_1)
DA:8,1
DA:9,1
DA:14,1
DA:25,0
LF:4
LH:3
BRDA:19,0,0,1
BRDA:19,0,1,0
BRDA:23,1,0,0
BRDA:23,1,1,0
BRF:4
BRH:1
end_of_record
TN:
SF:src\features\ContactsList\index.ts
FNF:0
FNH:0
LF:0
LH:0
BRF:0
BRH:0
end_of_record
TN:
SF:src\features\ContactsList\ContactCard\ContactCard.tsx
FN:16,(anonymous_0)
FN:23,(anonymous_1)
FN:24,(anonymous_2)
FN:30,(anonymous_3)
FN:34,(anonymous_4)
FN:76,(anonymous_5)
FN:82,(anonymous_6)
FNF:7
FNH:6
FNDA:4,(anonymous_0)
FNDA:1,(anonymous_1)
FNDA:1,(anonymous_2)
FNDA:0,(anonymous_3)
FNDA:1,(anonymous_4)
FNDA:8,(anonymous_5)
FNDA:1,(anonymous_6)
DA:16,2
DA:17,4
DA:18,4
DA:20,4
DA:22,4
DA:23,1
DA:25,1
DA:26,1
DA:30,4
DA:31,0
DA:34,4
DA:37,1
DA:38,1
DA:39,1
DA:40,1
DA:41,1
DA:42,1
DA:43,1
DA:46,0
DA:50,4
DA:77,8
DA:82,1
LF:22
LH:20
BRDA:42,0,0,1
BRDA:42,0,1,0
BRF:2
BRH:1
end_of_record
TN:
SF:src\features\ContactsList\ContactCard\types.ts
FNF:0
FNH:0
LF:0
LH:0
BRF:0
BRH:0
end_of_record
TN:
SF:src\features\ContactsList\ContactCard\components\ContactInfo\ContactInfo.tsx
FN:5,(anonymous_0)
FNF:1
FNH:1
FNDA:8,(anonymous_0)
DA:5,3
DA:9,8
LF:2
LH:2
BRDA:7,0,0,1
BRDA:14,1,0,8
BRDA:14,1,1,8
BRDA:18,2,0,8
BRDA:18,2,1,8
BRDA:23,3,0,7
BRDA:23,3,1,1
BRDA:26,4,0,1
BRDA:26,4,1,1
BRF:9
BRH:9
end_of_record
TN:
SF:src\features\ContactsList\ContactCard\components\ContactInfo\types.ts
FNF:0
FNH:0
LF:0
LH:0
BRF:0
BRH:0
end_of_record
TN:
SF:src\pages\ContactPage.tsx
FN:16,(anonymous_0)
FN:22,(anonymous_1)
FN:46,(anonymous_2)
FN:63,(anonymous_3)
FNF:4
FNH:0
FNDA:0,(anonymous_0)
FNDA:0,(anonymous_1)
FNDA:0,(anonymous_2)
FNDA:0,(anonymous_3)
DA:16,0
DA:17,0
DA:18,0
DA:20,0
DA:22,0
DA:26,0
DA:27,0
DA:33,0
DA:46,0
DA:64,0
LF:10
LH:0
BRDA:26,0,0,0
BRDA:26,0,1,0
BRDA:33,1,0,0
BRDA:33,1,1,0
BRF:4
BRH:0
end_of_record
TN:
SF:src\pages\HomePage.tsx
FN:5,(anonymous_0)
FNF:1
FNH:0
FNDA:0,(anonymous_0)
DA:5,0
DA:6,0
LF:2
LH:0
BRF:0
BRH:0
end_of_record
TN:
SF:src\routes\routes.tsx
FNF:0
FNH:0
DA:7,0
LF:1
LH:0
BRF:0
BRH:0
end_of_record
TN:
SF:src\services\contacts.ts
FN:7,(anonymous_0)
FN:31,(anonymous_1)
FN:52,(anonymous_2)
FN:74,(anonymous_3)
FN:92,(anonymous_4)
FNF:5
FNH:0
FNDA:0,(anonymous_0)
FNDA:0,(anonymous_1)
FNDA:0,(anonymous_2)
FNDA:0,(anonymous_3)
FNDA:0,(anonymous_4)
DA:5,3
DA:7,3
DA:8,0
DA:9,0
DA:21,0
DA:23,0
DA:24,0
DA:26,0
DA:31,3
DA:32,0
DA:33,0
DA:42,0
DA:44,0
DA:45,0
DA:47,0
DA:52,3
DA:53,0
DA:54,0
DA:64,0
DA:66,0
DA:67,0
DA:69,0
DA:74,3
DA:75,0
DA:76,0
DA:82,0
DA:84,0
DA:85,0
DA:87,0
DA:92,3
DA:93,0
DA:94,0
DA:103,0
DA:105,0
DA:106,0
DA:108,0
LF:36
LH:6
BRDA:23,0,0,0
BRDA:23,0,1,0
BRDA:44,1,0,0
BRDA:44,1,1,0
BRDA:66,2,0,0
BRDA:66,2,1,0
BRDA:84,3,0,0
BRDA:84,3,1,0
BRDA:105,4,0,0
BRDA:105,4,1,0
BRF:10
BRH:0
end_of_record
TN:
SF:src\theme\ThemeProvider.tsx
FN:17,(anonymous_0)
FNF:1
FNH:1
FNDA:1,(anonymous_0)
DA:4,1
DA:17,1
DA:18,1
LF:3
LH:3
BRF:0
BRH:0
end_of_record
TN:
SF:src\types\types.ts
FNF:0
FNH:0
LF:0
LH:0
BRF:0
BRH:0
end_of_record
TN:
SF:src\utils\returnContactData.ts
FN:3,(anonymous_0)
FNF:1
FNH:1
FNDA:2,(anonymous_0)
DA:3,2
LF:1
LH:1
BRF:0
BRH:0
end_of_record
TN:
SF:src\utils\validation.ts
FN:1,(anonymous_0)
FNF:1
FNH:1
FNDA:10,(anonymous_0)
DA:1,2
DA:2,10
DA:4,10
DA:5,7
DA:9,3
DA:10,3
DA:11,1
DA:14,2
LF:8
LH:8
BRDA:4,0,0,7
BRDA:4,0,1,3
BRDA:10,1,0,1
BRDA:10,1,1,2
BRF:4
BRH:4
end_of_record
